[    0.000000] Linux version 4.15.0-108-generic (buildd@lcy01-amd64-013) (gcc version 7.5.0 (Ubuntu 7.5.0-3ubuntu1~18.04)) #109-Ubuntu SMP Fri Jun 19 11:33:10 UTC 2020 (Ubuntu 4.15.0-108.109-generic 4.15.18)
[    0.000000] Command line: BOOT_IMAGE=/boot/vmlinuz-4.15.0-108-generic root=UUID=dce86dbe-67df-4cd0-812d-5339d0bdba94 ro console=tty1 console=ttyS0
[    0.000000] KERNEL supported cpus:
[    0.000000]   Intel GenuineIntel
[    0.000000]   AMD AuthenticAMD
[    0.000000]   Centaur CentaurHauls
[    0.000000] x86/fpu: Supporting XSAVE feature 0x001: 'x87 floating point registers'
[    0.000000] x86/fpu: Supporting XSAVE feature 0x002: 'SSE registers'
[    0.000000] x86/fpu: Supporting XSAVE feature 0x004: 'AVX registers'
[    0.000000] x86/fpu: xstate_offset[2]:  576, xstate_sizes[2]:  256
[    0.000000] x86/fpu: Enabled xstate features 0x7, context size is 832 bytes, using 'standard' format.
[    0.000000] e820: BIOS-provided physical RAM map:
[    0.000000] BIOS-e820: [mem 0x0000000000000000-0x000000000009fbff] usable
[    0.000000] BIOS-e820: [mem 0x000000000009fc00-0x000000000009ffff] reserved
[    0.000000] BIOS-e820: [mem 0x00000000000f0000-0x00000000000fffff] reserved
[    0.000000] BIOS-e820: [mem 0x0000000000100000-0x000000003ffeffff] usable
[    0.000000] BIOS-e820: [mem 0x000000003fff0000-0x000000003fffffff] ACPI data
[    0.000000] BIOS-e820: [mem 0x00000000fec00000-0x00000000fec00fff] reserved
[    0.000000] BIOS-e820: [mem 0x00000000fee00000-0x00000000fee00fff] reserved
[    0.000000] BIOS-e820: [mem 0x00000000fffc0000-0x00000000ffffffff] reserved
[    0.000000] NX (Execute Disable) protection: active
[    0.000000] SMBIOS 2.5 present.
[    0.000000] DMI: innotek GmbH VirtualBox/VirtualBox, BIOS VirtualBox 12/01/2006
[    0.000000] Hypervisor detected: KVM
[    0.000000] e820: last_pfn = 0x3fff0 max_arch_pfn = 0x400000000
[    0.000000] MTRR: Disabled
[    0.000000] x86/PAT: MTRRs disabled, skipping PAT initialization too.
[    0.000000] CPU MTRRs all blank - virtualized system.
[    0.000000] x86/PAT: Configuration [0-7]: WB  WT  UC- UC  WB  WT  UC- UC  
[    0.000000] found SMP MP-table at [mem 0x0009fff0-0x0009ffff]
[    0.000000] Scanning 1 areas for low memory corruption
[    0.000000] RAMDISK: [mem 0x35961000-0x36ca7fff]
[    0.000000] ACPI: Early table checksum verification disabled
[    0.000000] ACPI: RSDP 0x00000000000E0000 000024 (v02 VBOX  )
[    0.000000] ACPI: XSDT 0x000000003FFF0030 00003C (v01 VBOX   VBOXXSDT 00000001 ASL  00000061)
[    0.000000] ACPI: FACP 0x000000003FFF00F0 0000F4 (v04 VBOX   VBOXFACP 00000001 ASL  00000061)
[    0.000000] ACPI: DSDT 0x000000003FFF0470 002325 (v02 VBOX   VBOXBIOS 00000002 INTL 20100528)
[    0.000000] ACPI: FACS 0x000000003FFF0200 000040
[    0.000000] ACPI: FACS 0x000000003FFF0200 000040
[    0.000000] ACPI: APIC 0x000000003FFF0240 00005C (v02 VBOX   VBOXAPIC 00000001 ASL  00000061)
[    0.000000] ACPI: SSDT 0x000000003FFF02A0 0001CC (v01 VBOX   VBOXCPUT 00000002 INTL 20100528)
[    0.000000] No NUMA configuration found
[    0.000000] Faking a node at [mem 0x0000000000000000-0x000000003ffeffff]
[    0.000000] NODE_DATA(0) allocated [mem 0x3ffc5000-0x3ffeffff]
[    0.000000] kvm-clock: cpu 0, msr 0:3ff44001, primary cpu clock
[    0.000000] kvm-clock: Using msrs 4b564d01 and 4b564d00
[    0.000000] kvm-clock: using sched offset of 6063119321 cycles
[    0.000000] clocksource: kvm-clock: mask: 0xffffffffffffffff max_cycles: 0x1cd42e4dffb, max_idle_ns: 881590591483 ns
[    0.000000] Zone ranges:
[    0.000000]   DMA      [mem 0x0000000000001000-0x0000000000ffffff]
[    0.000000]   DMA32    [mem 0x0000000001000000-0x000000003ffeffff]
[    0.000000]   Normal   empty
[    0.000000]   Device   empty
[    0.000000] Movable zone start for each node
[    0.000000] Early memory node ranges
[    0.000000]   node   0: [mem 0x0000000000001000-0x000000000009efff]
[    0.000000]   node   0: [mem 0x0000000000100000-0x000000003ffeffff]
[    0.000000] Reserved but unavailable: 98 pages
[    0.000000] Initmem setup node 0 [mem 0x0000000000001000-0x000000003ffeffff]
[    0.000000] ACPI: PM-Timer IO Port: 0x4008
[    0.000000] IOAPIC[0]: apic_id 2, version 32, address 0xfec00000, GSI 0-23
[    0.000000] ACPI: INT_SRC_OVR (bus 0 bus_irq 0 global_irq 2 dfl dfl)
[    0.000000] ACPI: INT_SRC_OVR (bus 0 bus_irq 9 global_irq 9 low level)
[    0.000000] Using ACPI (MADT) for SMP configuration information
[    0.000000] smpboot: Allowing 2 CPUs, 0 hotplug CPUs
[    0.000000] PM: Registered nosave memory: [mem 0x00000000-0x00000fff]
[    0.000000] PM: Registered nosave memory: [mem 0x0009f000-0x0009ffff]
[    0.000000] PM: Registered nosave memory: [mem 0x000a0000-0x000effff]
[    0.000000] PM: Registered nosave memory: [mem 0x000f0000-0x000fffff]
[    0.000000] e820: [mem 0x40000000-0xfebfffff] available for PCI devices
[    0.000000] Booting paravirtualized kernel on KVM
[    0.000000] clocksource: refined-jiffies: mask: 0xffffffff max_cycles: 0xffffffff, max_idle_ns: 7645519600211568 ns
[    0.000000] random: get_random_bytes called from start_kernel+0x99/0x4fd with crng_init=0
[    0.000000] setup_percpu: NR_CPUS:8192 nr_cpumask_bits:2 nr_cpu_ids:2 nr_node_ids:1
[    0.000000] percpu: Embedded 45 pages/cpu s147456 r8192 d28672 u1048576
[    0.000000] PV qspinlock hash table entries: 256 (order: 0, 4096 bytes)
[    0.000000] Built 1 zonelists, mobility grouping on.  Total pages: 257913
[    0.000000] Policy zone: DMA32
[    0.000000] Kernel command line: BOOT_IMAGE=/boot/vmlinuz-4.15.0-108-generic root=UUID=dce86dbe-67df-4cd0-812d-5339d0bdba94 ro console=tty1 console=ttyS0
[    0.000000] Memory: 982512K/1048120K available (12300K kernel code, 2481K rwdata, 4272K rodata, 2436K init, 2720K bss, 65608K reserved, 0K cma-reserved)
[    0.000000] SLUB: HWalign=64, Order=0-3, MinObjects=0, CPUs=2, Nodes=1
[    0.000000] Kernel/User page tables isolation: enabled
[    0.000000] ftrace: allocating 39378 entries in 154 pages
[    0.004000] Hierarchical RCU implementation.
[    0.004000] 	RCU restricting CPUs from NR_CPUS=8192 to nr_cpu_ids=2.
[    0.004000] 	Tasks RCU enabled.
[    0.004000] RCU: Adjusting geometry for rcu_fanout_leaf=16, nr_cpu_ids=2
[    0.004000] NR_IRQS: 524544, nr_irqs: 440, preallocated irqs: 16
[    0.004000] Console: colour VGA+ 80x25
[    0.004000] console [tty1] enabled
[    0.004000] console [ttyS0] enabled
[    0.004000] ACPI: Core revision 20170831
[    0.004000] ACPI: 2 ACPI AML tables successfully acquired and loaded
[    0.004000] APIC: Switch to symmetric I/O mode setup
[    0.004000] x2apic enabled
[    0.004000] Switched APIC routing to physical x2apic.
[    0.005611] ..TIMER: vector=0x30 apic1=0 pin1=2 apic2=-1 pin2=-1
[    0.008007] tsc: Detected 2494.236 MHz processor
[    0.012017] Calibrating delay loop (skipped) preset value.. 4988.47 BogoMIPS (lpj=9976944)
[    0.013634] pid_max: default: 32768 minimum: 301
[    0.014627] Security Framework initialized
[    0.016006] Yama: becoming mindful.
[    0.016750] AppArmor: AppArmor initialized
[    0.017907] Dentry cache hash table entries: 131072 (order: 8, 1048576 bytes)
[    0.019424] Inode-cache hash table entries: 65536 (order: 7, 524288 bytes)
[    0.020029] Mount-cache hash table entries: 2048 (order: 2, 16384 bytes)
[    0.021340] Mountpoint-cache hash table entries: 2048 (order: 2, 16384 bytes)
[    0.024279] Last level iTLB entries: 4KB 1024, 2MB 1024, 4MB 1024
[    0.025452] Last level dTLB entries: 4KB 1024, 2MB 1024, 4MB 1024, 1GB 4
[    0.026721] Spectre V1 : Mitigation: usercopy/swapgs barriers and __user pointer sanitization
[    0.028004] Spectre V2 : Mitigation: Full generic retpoline
[    0.029080] Spectre V2 : Spectre v2 / SpectreRSB mitigation: Filling RSB on context switch
[    0.030671] Speculative Store Bypass: Vulnerable
[    0.032053] SRBDS: Unknown: Dependent on hypervisor status
[    0.033135] MDS: Vulnerable: Clear CPU buffers attempted, no microcode
[    0.034595] Freeing SMP alternatives memory: 36K
[    0.146072] smpboot: CPU0: Intel(R) Core(TM) i5-4200M CPU @ 2.50GHz (family: 0x6, model: 0x3c, stepping: 0x3)
[    0.147998] Performance Events: unsupported p6 CPU model 60 no PMU driver, software events only.
[    0.148000] Hierarchical SRCU implementation.
[    0.148606] NMI watchdog: Perf event create on CPU 0 failed with -2
[    0.149728] NMI watchdog: Perf NMI watchdog permanently disabled
[    0.150867] smp: Bringing up secondary CPUs ...
[    0.152081] x86: Booting SMP configuration:
[    0.152890] .... node  #0, CPUs:      #1
[    0.004000] kvm-clock: cpu 1, msr 0:3ff44041, secondary cpu clock
[    0.156025] smp: Brought up 1 node, 2 CPUs
[    0.156896] smpboot: Max logical packages: 1
[    0.157736] smpboot: Total of 2 processors activated (9976.94 BogoMIPS)
[    0.160145] devtmpfs: initialized
[    0.160720] x86/mm: Memory block size: 128MB
[    0.161655] evm: security.selinux
[    0.162305] evm: security.SMACK64
[    0.163052] evm: security.SMACK64EXEC
[    0.164005] evm: security.SMACK64TRANSMUTE
[    0.164872] evm: security.SMACK64MMAP
[    0.165577] evm: security.apparmor
[    0.166228] evm: security.ima
[    0.166824] evm: security.capability
[    0.168106] clocksource: jiffies: mask: 0xffffffff max_cycles: 0xffffffff, max_idle_ns: 7645041785100000 ns
[    0.169766] futex hash table entries: 512 (order: 3, 32768 bytes)
[    0.172027] pinctrl core: initialized pinctrl subsystem
[    0.176104] RTC time: 17:14:41, date: 06/29/20
[    0.177095] NET: Registered protocol family 16
[    0.178064] audit: initializing netlink subsys (disabled)
[    0.179089] audit: type=2000 audit(1593450889.365:1): state=initialized audit_enabled=0 res=1
[    0.180012] cpuidle: using governor ladder
[    0.180800] cpuidle: using governor menu
[    0.181587] ACPI: bus type PCI registered
[    0.182349] acpiphp: ACPI Hot Plug PCI Controller Driver version: 0.5
[    0.184095] PCI: Using configuration type 1 for base access
[    0.185153] HugeTLB registered 2.00 MiB page size, pre-allocated 0 pages
[    0.188094] ACPI: Added _OSI(Module Device)
[    0.188936] ACPI: Added _OSI(Processor Device)
[    0.189774] ACPI: Added _OSI(3.0 _SCP Extensions)
[    0.190653] ACPI: Added _OSI(Processor Aggregator Device)
[    0.191669] ACPI: Added _OSI(Linux-Dell-Video)
[    0.192004] ACPI: Added _OSI(Linux-Lenovo-NV-HDMI-Audio)
[    0.193047] ACPI: Added _OSI(Linux-HPI-Hybrid-Graphics)
[    0.194380] ACPI: Executed 1 blocks of module-level executable AML code
[    0.199161] ACPI: Interpreter enabled
[    0.200014] ACPI: (supports S0 S5)
[    0.200695] ACPI: Using IOAPIC for interrupt routing
[    0.201875] PCI: Using host bridge windows from ACPI; if necessary, use "pci=nocrs" and report a bug
[    0.204160] ACPI: Enabled 2 GPEs in block 00 to 07
[    0.210552] ACPI: PCI Root Bridge [PCI0] (domain 0000 [bus 00-ff])
[    0.211673] acpi PNP0A03:00: _OSC: OS supports [ASPM ClockPM Segments MSI]
[    0.212492] acpi PNP0A03:00: _OSC: not requesting OS control; OS requires [ExtendedConfig ASPM ClockPM MSI]
[    0.216018] acpi PNP0A03:00: fail to add MMCONFIG information, can't access extended PCI configuration space under this bridge.
[    0.218639] PCI host bridge to bus 0000:00
[    0.219461] pci_bus 0000:00: root bus resource [io  0x0000-0x0cf7 window]
[    0.220004] pci_bus 0000:00: root bus resource [io  0x0d00-0xffff window]
[    0.221292] pci_bus 0000:00: root bus resource [mem 0x000a0000-0x000bffff window]
[    0.222644] pci_bus 0000:00: root bus resource [mem 0x40000000-0xfdffffff window]
[    0.224005] pci_bus 0000:00: root bus resource [bus 00-ff]
[    0.226924] pci 0000:00:01.1: legacy IDE quirk: reg 0x10: [io  0x01f0-0x01f7]
[    0.228003] pci 0000:00:01.1: legacy IDE quirk: reg 0x14: [io  0x03f6]
[    0.229209] pci 0000:00:01.1: legacy IDE quirk: reg 0x18: [io  0x0170-0x0177]
[    0.231112] pci 0000:00:01.1: legacy IDE quirk: reg 0x1c: [io  0x0376]
[    0.256012] pci 0000:00:07.0: quirk: [io  0x4000-0x403f] claimed by PIIX4 ACPI
[    0.257448] pci 0000:00:07.0: quirk: [io  0x4100-0x410f] claimed by PIIX4 SMB
[    0.272952] ACPI: PCI Interrupt Link [LNKA] (IRQs 5 9 10 *11)
[    0.274384] ACPI: PCI Interrupt Link [LNKB] (IRQs 5 9 *10 11)
[    0.275551] ACPI: PCI Interrupt Link [LNKC] (IRQs 5 *9 10 11)
[    0.276139] ACPI: PCI Interrupt Link [LNKD] (IRQs 5 9 10 *11)
[    0.277710] SCSI subsystem initialized
[    0.278484] pci 0000:00:02.0: vgaarb: setting as boot VGA device
[    0.278484] pci 0000:00:02.0: vgaarb: VGA device added: decodes=io+mem,owns=io+mem,locks=none
[    0.280020] pci 0000:00:02.0: vgaarb: bridge control possible
[    0.281088] vgaarb: loaded
[    0.284025] ACPI: bus type USB registered
[    0.284795] usbcore: registered new interface driver usbfs
[    0.285804] usbcore: registered new interface driver hub
[    0.286864] usbcore: registered new device driver usb
[    0.288039] EDAC MC: Ver: 3.0.0
[    0.288896] PCI: Using ACPI for IRQ routing
[    0.289047] NetLabel: Initializing
[    0.289620] NetLabel:  domain hash size = 128
[    0.290327] NetLabel:  protocols = UNLABELED CIPSOv4 CALIPSO
[    0.292017] NetLabel:  unlabeled traffic allowed by default
[    0.292915] clocksource: Switched to clocksource kvm-clock
[    0.322615] VFS: Disk quotas dquot_6.6.0
[    0.323310] VFS: Dquot-cache hash table entries: 512 (order 0, 4096 bytes)
[    0.324739] AppArmor: AppArmor Filesystem Enabled
[    0.325691] pnp: PnP ACPI init
[    0.327419] pnp: PnP ACPI: found 3 devices
[    0.341208] clocksource: acpi_pm: mask: 0xffffff max_cycles: 0xffffff, max_idle_ns: 2085701024 ns
[    0.342893] NET: Registered protocol family 2
[    0.343886] TCP established hash table entries: 8192 (order: 4, 65536 bytes)
[    0.345194] TCP bind hash table entries: 8192 (order: 5, 131072 bytes)
[    0.350332] TCP: Hash tables configured (established 8192 bind 8192)
[    0.351567] UDP hash table entries: 512 (order: 2, 16384 bytes)
[    0.352669] UDP-Lite hash table entries: 512 (order: 2, 16384 bytes)
[    0.353865] NET: Registered protocol family 1
[    0.354694] pci 0000:00:00.0: Limiting direct PCI/PCI transfers
[    0.355794] pci 0000:00:01.0: Activating ISA DMA hang workarounds
[    0.356952] pci 0000:00:02.0: Video device with shadowed ROM at [mem 0x000c0000-0x000dffff]
[    0.358564] Unpacking initramfs...
[    0.729316] Freeing initrd memory: 19740K
[    0.730085] clocksource: tsc: mask: 0xffffffffffffffff max_cycles: 0x23f3f4aee88, max_idle_ns: 440795261827 ns
[    0.731763] platform rtc_cmos: registered platform RTC device (no PNP device found)
[    0.733134] Scanning for low memory corruption every 60 seconds
[    0.734773] Initialise system trusted keyrings
[    0.735503] Key type blacklist registered
[    0.736449] workingset: timestamp_bits=36 max_order=18 bucket_order=0
[    0.738343] zbud: loaded
[    0.739279] squashfs: version 4.0 (2009/01/31) Phillip Lougher
[    0.740384] fuse init (API version 7.26)
[    0.744580] Key type asymmetric registered
[    0.745300] Asymmetric key parser 'x509' registered
[    0.746100] Block layer SCSI generic (bsg) driver version 0.4 loaded (major 246)
[    0.747405] io scheduler noop registered
[    0.748184] io scheduler deadline registered
[    0.748984] io scheduler cfq registered (default)
[    0.750107] ACPI: AC Adapter [AC] (on-line)
[    0.750840] input: Power Button as /devices/LNXSYSTM:00/LNXPWRBN:00/input/input0
[    0.752074] ACPI: Power Button [PWRF]
[    0.752736] input: Sleep Button as /devices/LNXSYSTM:00/LNXSLPBN:00/input/input1
[    0.753944] ACPI: Sleep Button [SLPF]
[    0.755504] ACPI: Battery Slot [BAT0] (battery present)
[    0.756604] Serial: 8250/16550 driver, 32 ports, IRQ sharing enabled
[    0.778364] 00:02: ttyS0 at I/O 0x3f8 (irq = 4, base_baud = 115200) is a 16550A
[    0.783854] Linux agpgart interface v0.103
[    0.789969] loop: module loaded
[    0.791176] scsi host0: ata_piix
[    0.791928] scsi host1: ata_piix
[    0.792544] ata1: PATA max UDMA/33 cmd 0x1f0 ctl 0x3f6 bmdma 0xd000 irq 14
[    0.793664] ata2: PATA max UDMA/33 cmd 0x170 ctl 0x376 bmdma 0xd008 irq 15
[    0.795086] libphy: Fixed MDIO Bus: probed
[    0.795807] tun: Universal TUN/TAP device driver, 1.6
[    0.796861] PPP generic driver version 2.4.2
[    0.797638] ehci_hcd: USB 2.0 'Enhanced' Host Controller (EHCI) Driver
[    0.798677] ehci-pci: EHCI PCI platform driver
[    0.799419] ehci-platform: EHCI generic platform driver
[    0.800305] ohci_hcd: USB 1.1 'Open' Host Controller (OHCI) Driver
[    0.801257] ohci-pci: OHCI PCI platform driver
[    0.801979] ohci-platform: OHCI generic platform driver
[    0.802806] uhci_hcd: USB Universal Host Controller Interface driver
[    0.803831] i8042: PNP: PS/2 Controller [PNP0303:PS2K,PNP0f03:PS2M] at 0x60,0x64 irq 1,12
[    0.805610] serio: i8042 KBD port at 0x60,0x64 irq 1
[    0.806431] serio: i8042 AUX port at 0x60,0x64 irq 12
[    0.807459] mousedev: PS/2 mouse device common for all mice
[    0.808937] input: AT Translated Set 2 keyboard as /devices/platform/i8042/serio0/input/input2
[    0.810310] rtc_cmos rtc_cmos: rtc core: registered rtc_cmos as rtc0
[    0.811473] rtc_cmos rtc_cmos: alarms up to one day, 114 bytes nvram
[    0.812502] i2c /dev entries driver
[    0.813147] device-mapper: uevent: version 1.0.3
[    0.814002] device-mapper: ioctl: 4.37.0-ioctl (2017-09-20) initialised: dm-devel@redhat.com
[    0.815387] ledtrig-cpu: registered to indicate activity on CPUs
[    0.816755] NET: Registered protocol family 10
[    0.821710] Segment Routing with IPv6
[    0.822383] NET: Registered protocol family 17
[    0.823328] Key type dns_resolver registered
[    0.824349] mce: Using 0 MCE banks
[    0.824937] RAS: Correctable Errors collector initialized.
[    0.825806] sched_clock: Marking stable (824319252, 0)->(979332566, -155013314)
[    0.827399] registered taskstats version 1
[    0.828073] Loading compiled-in X.509 certificates
[    0.831485] Loaded X.509 cert 'Build time autogenerated kernel key: 8a77f038295f61e2f7a611f87ca2012318dc3558'
[    0.833279] zswap: loaded using pool lzo/zbud
[    0.837586] Key type big_key registered
[    0.838237] Key type trusted registered
[    0.840695] Key type encrypted registered
[    0.841373] AppArmor: AppArmor sha1 policy hashing enabled
[    0.842240] ima: No TPM chip found, activating TPM-bypass! (rc=-19)
[    0.843225] ima: Allocated hash algorithm: sha1
[    0.843960] evm: HMAC attrs: 0x1
[    0.844826]   Magic number: 8:152:240
[    0.845525] rtc_cmos rtc_cmos: setting system clock to 2020-06-29 17:14:42 UTC (1593450882)
[    0.847017] BIOS EDD facility v0.16 2004-Jun-25, 0 devices found
[    0.847972] EDD information not available.
[    0.990160] Freeing unused kernel image memory: 2436K
[    1.193451] Write protecting the kernel read-only data: 20480k
[    1.196493] Freeing unused kernel image memory: 2008K
[    1.199230] Freeing unused kernel image memory: 1872K
[    1.212468] x86/mm: Checked W+X mappings: passed, no W+X pages found.
[    1.214588] x86/mm: Checking user space page tables
[    1.226699] x86/mm: Checked W+X mappings: passed, no W+X pages found.
Loading, please wait...
starting version 237
[    1.292368] e1000: Intel(R) PRO/1000 Network Driver - version 7.3.21-k8-NAPI
[    1.293804] e1000: Copyright (c) 1999-2006 Intel Corporation.
[    1.303067] Fusion MPT base driver 3.04.20
[    1.303982] Copyright (c) 1999-2008 LSI Corporation
[    1.315036] AVX2 version of gcm_enc/dec engaged.
[    1.315975] AES CTR mode by8 optimization enabled
[    1.318152] Fusion MPT SPI Host driver 3.04.20
[    1.509418] input: ImExPS/2 Generic Explorer Mouse as /devices/platform/i8042/serio1/input/input4
[    1.702075] e1000 0000:00:03.0 eth0: (PCI:33MHz:32-bit) 02:14:dc:98:74:16
[    1.704944] e1000 0000:00:03.0 eth0: Intel(R) PRO/1000 Network Connection
[    2.088688] e1000 0000:00:08.0 eth1: (PCI:33MHz:32-bit) 08:00:27:4e:0e:f3
[    2.089963] e1000 0000:00:08.0 eth1: Intel(R) PRO/1000 Network Connection
[    2.092433] e1000 0000:00:08.0 enp0s8: renamed from eth1
[    2.093573] mptbase: ioc0: Initiating bringup
[    2.117794] e1000 0000:00:03.0 enp0s3: renamed from eth0
[    2.189509] ioc0: LSI53C1030 A0: Capabilities={Initiator}
[    2.440526] scsi host2: ioc0: LSI53C1030 A0, FwRev=00000000h, Ports=1, MaxQ=256, IRQ=20
[    2.614320] scsi 2:0:0:0: Direct-Access     VBOX     HARDDISK         1.0  PQ: 0 ANSI: 5
[    2.663651] scsi target2:0:0: Beginning Domain Validation
[    2.673026] scsi target2:0:0: Domain Validation skipping write tests
[    2.677437] scsi target2:0:0: Ending Domain Validation
[    2.681238] scsi target2:0:0: asynchronous
[    2.685970] scsi 2:0:1:0: Direct-Access     VBOX     HARDDISK         1.0  PQ: 0 ANSI: 5
[    2.760477] scsi target2:0:1: Beginning Domain Validation
[    2.768117] random: fast init done
[    2.771815] scsi target2:0:1: Domain Validation skipping write tests
[    2.776124] scsi target2:0:1: Ending Domain Validation
[    2.779405] scsi target2:0:1: asynchronous
[    2.791198] random: systemd-udevd: uninitialized urandom read (16 bytes read)
[    2.791254] sd 2:0:0:0: Attached scsi generic sg0 type 0
[    2.794921] random: systemd-udevd: uninitialized urandom read (16 bytes read)
[    2.797653] sd 2:0:1:0: Attached scsi generic sg1 type 0
[    2.798136] sd 2:0:1:0: [sdb] 20480 512-byte logical blocks: (10.5 MB/10.0 MiB)
[    2.798273] sd 2:0:1:0: [sdb] Write Protect is off
[    2.798471] sd 2:0:1:0: [sdb] Incomplete mode parameter data
[    2.798473] sd 2:0:1:0: [sdb] Assuming drive cache: write through
[    2.809407] sd 2:0:0:0: [sda] 20971520 512-byte logical blocks: (10.7 GB/10.0 GiB)
[    2.822487] random: systemd-udevd: uninitialized urandom read (16 bytes read)
[    2.835570] sd 2:0:0:0: [sda] Write Protect is off
[    2.836504] sd 2:0:1:0: [sdb] Attached SCSI disk
[    2.838105] sd 2:0:0:0: [sda] Incomplete mode parameter data
[    2.839304] sd 2:0:0:0: [sda] Assuming drive cache: write through
[    2.851854]  sda: sda1
[    2.853379] sd 2:0:0:0: [sda] Attached SCSI disk
Begin: Loading essential drivers ... [    4.376556] raid6: sse2x1   gen() 10127 MB/s
[    4.424378] raid6: sse2x1   xor()  7194 MB/s
[    4.472332] raid6: sse2x2   gen() 11439 MB/s
[    4.520053] raid6: sse2x2   xor()  6272 MB/s
[    4.568011] raid6: sse2x4   gen() 12754 MB/s
[    4.616691] raid6: sse2x4   xor()  8678 MB/s
[    4.664535] raid6: avx2x1   gen() 19737 MB/s
[    4.712373] raid6: avx2x1   xor() 13180 MB/s
[    4.760234] raid6: avx2x2   gen() 23148 MB/s
[    4.808077] raid6: avx2x2   xor() 13847 MB/s
[    4.856010] raid6: avx2x4   gen() 25991 MB/s
[    4.904732] raid6: avx2x4   xor() 16500 MB/s
[    4.905539] raid6: using algorithm avx2x4 gen() 25991 MB/s
[    4.906544] raid6: .... xor() 16500 MB/s, rmw enabled
[    4.907527] raid6: using avx2x2 recovery algorithm
[    4.909840] xor: automatically using best checksumming function   avx       
[    4.912381] async_tx: api initialized (async)
done.
Begin: Running /scripts/init-premount ... done.
Begin: Mounting root file system ... Begin: Running /scripts/local-top ... done.
Begin: Running /scripts/local-premount ... [    4.967054] Btrfs loaded, crc32c=crc32c-intel
Scanning for Btrfs filesystems
done.
Warning: fsck not present, so skipping root file system
[    5.008979] EXT4-fs (sda1): INFO: recovery required on readonly filesystem
[    5.010400] EXT4-fs (sda1): write access will be enabled during recovery
[    5.278290] EXT4-fs (sda1): orphan cleanup on readonly fs
[    5.364608] EXT4-fs (sda1): 6 orphan inodes deleted
[    5.367943] EXT4-fs (sda1): recovery complete
[    5.376077] EXT4-fs (sda1): mounted filesystem with ordered data mode. Opts: (null)
done.
Begin: Running /scripts/local-bottom ... done.
Begin: Running /scripts/init-bottom ... done.
[    6.972442] ip_tables: (C) 2000-2006 Netfilter Core Team
[    7.109794] systemd[1]: systemd 237 running in system mode. (+PAM +AUDIT +SELINUX +IMA +APPARMOR +SMACK +SYSVINIT +UTMP +LIBCRYPTSETUP +GCRYPT +GNUTLS +ACL +XZ +LZ4 +SECCOMP +BLKID +ELFUTILS +KMOD -IDN2 +IDN -PCRE2 default-hierarchy=hybrid)
[    7.124496] systemd[1]: Detected virtualization oracle.
[    7.128219] systemd[1]: Detected architecture x86-64.
[    7.153113] random: crng init done
[    7.154531] random: 7 urandom warning(s) missed due to ratelimiting

Welcome to [1mUbuntu 18.04.4 LTS[0m!

[    7.179006] systemd[1]: Set hostname to <ubuntu-bionic>.
[    9.854222] systemd[1]: Started Forward Password Requests to Wall Directory Watch.
[[0;32m  OK  [0m] Started Forward Password Requests to Wall Directory Watch.
[    9.860719] systemd[1]: Reached target System Time Synchronized.
[[0;32m  OK  [0m] Reached target System Time Synchronized.
[    9.870329] systemd[1]: Created slice System Slice.
[[0;32m  OK  [0m] Created slice System Slice.
[    9.874176] systemd[1]: Listening on Network Service Netlink Socket.
[[0;32m  OK  [0m] Listening on Network Service Netlink Socket.
[    9.878706] systemd[1]: Listening on Journal Socket.
[[0;32m  OK  [0m] Listening on Journal Socket.
[    9.893460] systemd[1]: Starting Load Kernel Modules...
         Starting Load Kernel Modules...
         Starting Set the console keyboard layout...
[[0;32m  OK  [0m] Listening on Syslog Socket.
         Starting Create list of required st…ce nodes for the current kernel...
[[0;32m  OK  [0m] Listening on LVM2 poll daemon socket.
[[0;32m  OK  [0m] Created slice system-serial\x2dgetty.slice.
[[0;32m  OK  [0m] Listening on Device-mapper event daemon FIFOs.
[[0;32m  OK  [0m] Listening on Journal Socket (/dev/log).
[[0;32m  OK  [0m] Listening on /dev/initctl Compatibility Named Pipe.
[[0;32m  OK  [0m] Listening on udev Control Socket.
[[0;32m  OK  [0m] Listening on Journal Audit Socket.
         Starting Uncomplicated firewall...
         Starting Remount Root and Kernel File Systems...
         Mounting Huge Pages File System...
         Starting Journal Service...
[[0;32m  OK  [0m] Reached target User and Group Name Lookups.
[[0;32m  OK  [0m] Created slice User and Session Slice.
[[0;32m  OK  [0m] Reached target Slices.
[[0;32m  OK  [0m] Listening on LVM2 metadata daemon socket.
         Starting Monitoring of LVM2 mirrors…ng dmeventd or progress polling...
         Mounting Kernel Debug File System...
[[0;32m  OK  [0m] Set up automount Arbitrary Executab…rmats File System Automount Point.
         Mounting POSIX Message Queue File System...
[[0;32m  OK  [0m] Reached target Swap.
[[0;32m  OK  [0m] Listening on udev Kernel Socket.
         Starting udev Coldplug all Devices...
[[0;32m  OK  [0m] Started Create list of required sta…vice nodes for the current kernel.
[[0;32m  OK  [0m] Started Uncomplicated firewall.
[[0;32m  OK  [0m] Mounted Huge Pages File System.
[[0;32m  OK  [0m] Mounted Kernel Debug File System.
[[0;32m  OK  [0m] Mounted POSIX Message Queue File System.
         Starting Create Static Device Nodes in /dev...
[   10.246361] EXT4-fs (sda1): re-mounted. Opts: (null)
[[0;32m  OK  [0m] Started Remount Root and Kernel File Systems.
[[0;32m  OK  [0m] Started udev Coldplug all Devices.
[   10.386815] Loading iSCSI transport class v2.0-870.
         Starting Load/Save Random Seed...
[[0;32m  OK  [0m] Started Journal Service.
         Starting Flush Journal to Persistent Storage...
[   10.590485] iscsi: registered transport (tcp)
[   10.698804] systemd-journald[399]: Received request to flush runtime journal from PID 1
[[0;32m  OK  [0m] Started Set the console keyboard layout.
[[0;32m  OK  [0m] Started Load/Save Random Seed.
[[0;32m  OK  [0m] Started Create Static Device Nodes in /dev.
         Starting udev Kernel Device Manager...
[   11.053371] iscsi: registered transport (iser)
[[0;32m  OK  [0m] Started Load Kernel Modules.
         Starting Apply Kernel Variables...
         Mounting FUSE Control File System...
         Mounting Kernel Configuration File System...
[[0;32m  OK  [0m] Mounted FUSE Control File System.
[[0;32m  OK  [0m] Mounted Kernel Configuration File System.
[[0;32m  OK  [0m] Started LVM2 metadata daemon.
[[0;32m  OK  [0m] Started udev Kernel Device Manager.
[[0;32m  OK  [0m] Started Dispatch Password Requests to Console Directory Watch.
[[0;32m  OK  [0m] Reached target Local Encrypted Volumes.
[[0;32m  OK  [0m] Started Monitoring of LVM2 mirrors,…sing dmeventd or progress polling.
[[0;32m  OK  [0m] Reached target Local File Systems (Pre).
[[0;32m  OK  [0m] Reached target Local File Systems.
         Starting Tell Plymouth To Write Out Runtime Data...
         Starting AppArmor initialization...
         Starting ebtables ruleset management...
         Starting Set console font and keymap...
[[0;32m  OK  [0m] Started Apply Kernel Variables.
[[0;32m  OK  [0m] Started Tell Plymouth To Write Out Runtime Data.
[[0;32m  OK  [0m] Started Set console font and keymap.
[[0;32m  OK  [0m] Found device /dev/ttyS0.
[[0;32m  OK  [0m] Listening on Load/Save RF Kill Switch Status /dev/rfkill Watch.
[[0;32m  OK  [0m] Started ebtables ruleset management.
[[0;32m  OK  [0m] Started Flush Journal to Persistent Storage.
         Starting Create Volatile Files and Directories...
[[0;32m  OK  [0m] Started Create Volatile Files and Directories.
         Starting Update UTMP about System Boot/Shutdown...
[[0;32m  OK  [0m] Started Update UTMP about System Boot/Shutdown.
[[0;32m  OK  [0m] Started AppArmor initialization.
         Starting Initial cloud-init job (pre-networking)...
[   22.845828] cloud-init[546]: Cloud-init v. 19.4-33-gbb4131a2-0ubuntu1~18.04.1 running 'init-local' at Mon, 29 Jun 2020 17:15:03 +0000. Up 22.10 seconds.
[[0;32m  OK  [0m] Started Initial cloud-init job (pre-networking).
[[0;32m  OK  [0m] Reached target Network (Pre).
         Starting Network Service...
[[0;32m  OK  [0m] Started Network Service.
         Starting Wait for Network to be Configured...
         Starting Network Name Resolution...
[[0;32m  OK  [0m] Started Network Name Resolution.
[[0;32m  OK  [0m] Reached target Host and Network Name Lookups.
[[0;32m  OK  [0m] Reached target Network.
[[0;32m  OK  [0m] Started Wait for Network to be Configured.
         Starting Initial cloud-init job (metadata service crawler)...
[   25.770005] cloud-init[660]: Cloud-init v. 19.4-33-gbb4131a2-0ubuntu1~18.04.1 running 'init' at Mon, 29 Jun 2020 17:15:07 +0000. Up 25.51 seconds.
[   25.772059] cloud-init[660]: ci-info: ++++++++++++++++++++++++++++++++++++++Net device info++++++++++++++++++++++++++++++++++++++
[   25.773618] cloud-init[660]: ci-info: +--------+------+----------------------------+---------------+--------+-------------------+
[   25.788622] cloud-init[660]: ci-info: | Device |  Up  |          Address           |      Mask     | Scope  |     Hw-Address    |
[   25.790544] cloud-init[660]: ci-info: +--------+------+----------------------------+---------------+--------+-------------------+
[   25.792321] cloud-init[660]: ci-info: | enp0s3 | True |         10.0.2.15          | 255.255.255.0 | global | 02:14:dc:98:74:16 |
[   25.794003] cloud-init[660]: ci-info: | enp0s3 | True | fe80::14:dcff:fe98:7416/64 |       .       |  link  | 02:14:dc:98:74:16 |
[   25.795556] cloud-init[660]: ci-info: | enp0s8 | True |         172.16.2.9         | 255.255.255.0 | global | 08:00:27:4e:0e:f3 |
[   25.796878] cloud-init[660]: ci-info: | enp0s8 | True | fe80::a00:27ff:fe4e:ef3/64 |       .       |  link  | 08:00:27:4e:0e:f3 |
[   25.798433] cloud-init[660]: ci-info: |   lo   | True |         127.0.0.1          |   255.0.0.0   |  host  |         .         |
[   25.800206] cloud-init[660]: ci-info: |   lo   | True |          ::1/128           |       .       |  host  |         .         |
[   25.801916] cloud-init[660]: ci-info: +--------+------+----------------------------+---------------+--------+-------------------+
[   25.803589] cloud-init[660]: ci-info: ++++++++++++++++++++++++++++Route IPv4 info+++++++++++++++++++++++++++++
[   25.805061] cloud-init[660]: ci-info: +-------+-------------+----------+-----------------+-----------+-------+
[   25.806411] cloud-init[660]: ci-info: | Route | Destination | Gateway  |     Genmask     | Interface | Flags |
[   25.807762] cloud-init[660]: ci-info: +-------+-------------+----------+-----------------+-----------+-------+
[   25.809161] cloud-init[660]: ci-info: |   0   |   0.0.0.0   | 10.0.2.2 |     0.0.0.0     |   enp0s3  |   UG  |
[   25.810518] cloud-init[660]: ci-info: |   1   |   10.0.2.0  | 0.0.0.0  |  255.255.255.0  |   enp0s3  |   U   |
[   25.811878] cloud-init[660]: ci-info: |   2   |   10.0.2.2  | 0.0.0.0  | 255.255.255.255 |   enp0s3  |   UH  |
[   25.813343] cloud-init[660]: ci-info: |   3   |  172.16.2.0 | 0.0.0.0  |  255.255.255.0  |   enp0s8  |   U   |
[   25.814734] cloud-init[660]: ci-info: +-------+-------------+----------+-----------------+-----------+-------+
[   25.816120] cloud-init[660]: ci-info: +++++++++++++++++++Route IPv6 info+++++++++++++++++++
[   25.819100] cloud-init[660]: ci-info: +-------+-------------+---------+-----------+-------+
[   25.819894] cloud-init[660]: ci-info: | Route | Destination | Gateway | Interface | Flags |
[   25.832170] cloud-init[660]: ci-info: +-------+-------------+---------+-----------+-------+
[   25.833571] cloud-init[660]: ci-info: |   1   |  fe80::/64  |    ::   |   enp0s8  |   U   |
[   25.834850] cloud-init[660]: ci-info: |   2   |  fe80::/64  |    ::   |   enp0s3  |   U   |
[   25.835743] cloud-init[660]: ci-info: |   4   |    local    |    ::   |   enp0s3  |   U   |
[   25.836593] cloud-init[660]: ci-info: |   5   |    local    |    ::   |   enp0s8  |   U   |
[   25.837369] cloud-init[660]: ci-info: |   6   |   ff00::/8  |    ::   |   enp0s8  |   U   |
[   25.838163] cloud-init[660]: ci-info: |   7   |   ff00::/8  |    ::   |   enp0s3  |   U   |
[   25.850466] cloud-init[660]: ci-info: +-------+-------------+---------+-----------+-------+
[[0;32m  OK  [0m] Started Initial cloud-init job (metadata service crawler).
[[0;32m  OK  [0m] Reached target Cloud-config availability.
[[0;32m  OK  [0m] Reached target System Initialization.
[[0;32m  OK  [0m] Started Clean PHP session files every 30 mins.
[[0;32m  OK  [0m] Started Message of the Day.
[[0;32m  OK  [0m] Listening on D-Bus System Message Bus Socket.
[[0;32m  OK  [0m] Listening on UUID daemon activation socket.
[[0;32m  OK  [0m] Started Discard unused blocks once a week.
[[0;32m  OK  [0m] Started Daily apt download activities.
[[0;32m  OK  [0m] Started Daily apt upgrade and clean activities.
         Starting Socket activation for snappy daemon.
[[0;32m  OK  [0m] Listening on Open-iSCSI iscsid Socket.
         Starting LXD - unix socket.
[[0;32m  OK  [0m] Started ACPI Events Check.
[[0;32m  OK  [0m] Reached target Paths.
[[0;32m  OK  [0m] Started Daily Cleanup of Temporary Directories.
[[0;32m  OK  [0m] Reached target Timers.
[[0;32m  OK  [0m] Listening on ACPID Listen Socket.
[[0;32m  OK  [0m] Reached target Network is Online.
         Starting Availability of block devices...
[[0;32m  OK  [0m] Reached target Remote File Systems (Pre).
[[0;32m  OK  [0m] Reached target Remote File Systems.
[[0;32m  OK  [0m] Listening on Socket activation for snappy daemon.
[[0;32m  OK  [0m] Listening on LXD - unix socket.
[[0;32m  OK  [0m] Reached target Sockets.
[[0;32m  OK  [0m] Reached target Basic System.
[[0;32m  OK  [0m] Started irqbalance daemon.
         Starting Virtualbox guest utils...
         Starting Clean php session files...
         Starting Dispatcher daemon for systemd-networkd...
         Starting MySQL Community Server...
         Starting System Logging Service...
         Starting Permit User Sessions...
[[0;32m  OK  [0m] Started Deferred execution scheduler.
         Starting Login Service...
         Starting The Apache HTTP Server...
         Starting Message of the Day...
         Starting LXD - container startup/shutdown...
[[0;32m  OK  [0m] Started Regular background program processing daemon.
         Starting Snappy daemon...
         Starting OpenBSD Secure Shell server...
[[0;32m  OK  [0m] Started FUSE filesystem for LXC.
         Starting LSB: Record successful boot for GRUB...
[[0;32m  OK  [0m] Started D-Bus System Message Bus.
[[0;32m  OK  [0m] Started Login Service.
[[0;32m  OK  [0m] Started Unattended Upgrades Shutdown.
         Starting Accounts Service...
         Starting LSB: automatic crash report generation...
[[0;32m  OK  [0m] Started System Logging Service.
[[0;32m  OK  [0m] Started Availability of block devices.
[[0;32m  OK  [0m] Started Permit User Sessions.
         Starting Hold until boot process finishes up...
         Starting Terminate Plymouth Boot Screen...
[[0;32m  OK  [0m] Started Hold until boot process finishes up.
[[0;32m  OK  [0m] Started Serial Getty on ttyS0.
         Starting Set console scheme...
[[0;32m  OK  [0m] Started Terminate Plymouth Boot Screen.
[[0;32m  OK  [0m] Started Set console scheme.
[[0;32m  OK  [0m] Created slice system-getty.slice.
[[0;32m  OK  [0m] Started Getty on tty1.
[[0;32m  OK  [0m] Reached target Login Prompts.
[[0;32m  OK  [0m] Started LSB: automatic crash report generation.
[[0;32m  OK  [0m] Started LSB: Record successful boot for GRUB.
[[0;32m  OK  [0m] Started OpenBSD Secure Shell server.
[[0;32m  OK  [0m] Started Virtualbox guest utils.
         Starting Authorization Manager...
[[0;32m  OK  [0m] Started Dispatcher daemon for systemd-networkd.

Ubuntu 18.04.4 LTS ubuntu-bionic ttyS0

ubuntu-bionic login: [   48.210719] cloud-init[1298]: Cloud-init v. 19.4-33-gbb4131a2-0ubuntu1~18.04.1 running 'modules:config' at Mon, 29 Jun 2020 17:15:23 +0000. Up 41.37 seconds.
[   55.968107] cloud-init[1720]: Cloud-init v. 19.4-33-gbb4131a2-0ubuntu1~18.04.1 running 'modules:final' at Mon, 29 Jun 2020 17:15:37 +0000. Up 55.80 seconds.
[   55.970353] cloud-init[1720]: Cloud-init v. 19.4-33-gbb4131a2-0ubuntu1~18.04.1 finished at Mon, 29 Jun 2020 17:15:37 +0000. Datasource DataSourceNoCloud [seed=/dev/sdb][dsmode=net].  Up 55.96 seconds
